[17:55:13] [main/INFO] (FabricLoader/GameProvider) Loading Minecraft 1.21.3 with Fabric Loader 0.16.8
[17:55:14] [main/INFO] (FabricLoader) Loading 56 mods:
	- brigadierextras 0.1.0
	- fabric-api 0.114.0+1.21.3
	- fabric-api-base 0.4.50+119c825640
	- fabric-api-lookup-api-v1 1.6.81+fd37071f40
	- fabric-biome-api-v1 14.0.7+add2a48640
	- fabric-block-api-v1 1.0.28+fd37071f40
	- fabric-block-view-api-v2 1.0.16+fd37071f40
	- fabric-blockrenderlayer-v1 2.0.4+fd37071f40
	- fabric-client-tags-api-v1 1.1.25+a730659c40
	- fabric-command-api-v1 1.2.58+f71b366f40
	- fabric-command-api-v2 2.2.37+c9d82ab240
	- fabric-commands-v0 0.2.75+df3654b340
	- fabric-content-registries-v0 9.1.8+fd37071f40
	- fabric-convention-tags-v1 2.1.4+7f945d5b40
	- fabric-convention-tags-v2 2.9.4+129f0c1f40
	- fabric-crash-report-info-v1 0.3.3+fd37071f40
	- fabric-data-attachment-api-v1 1.4.0+dbad41f140
	- fabric-data-generation-api-v1 21.1.2+a730659c40
	- fabric-dimensions-v1 4.0.7+fd37071f40
	- fabric-entity-events-v1 2.0.8+825023f840
	- fabric-events-interaction-v0 2.0.12+c2c3ac4740
	- fabric-game-rule-api-v1 1.0.59+fd37071f40
	- fabric-gametest-api-v1 2.0.15+fd37071f40
	- fabric-item-api-v1 11.1.7+fd37071f40
	- fabric-item-group-api-v1 4.1.17+fd37071f40
	- fabric-key-binding-api-v1 1.0.53+fd37071f40
	- fabric-keybindings-v0 0.2.51+df3654b340
	- fabric-lifecycle-events-v1 2.5.1+6da5ef6940
	- fabric-loot-api-v2 3.0.26+3f89f5a540
	- fabric-loot-api-v3 1.0.14+fd37071f40
	- fabric-message-api-v1 6.0.21+fd37071f40
	- fabric-model-loading-api-v1 3.0.9+fd37071f40
	- fabric-networking-api-v1 4.3.5+fd37071f40
	- fabric-object-builder-api-v1 17.0.9+fd37071f40
	- fabric-particles-v1 4.0.10+fd37071f40
	- fabric-permissions-api-v0 0.3.1
	- fabric-recipe-api-v1 7.0.5+8ea69ff840
	- fabric-registry-sync-v0 5.4.1+3f3c499540
	- fabric-renderer-api-v1 4.0.5+fd37071f40
	- fabric-renderer-indigo 1.9.5+fd37071f40
	- fabric-rendering-data-attachment-v1 0.3.54+73761d2e40
	- fabric-rendering-fluids-v1 3.1.15+fd37071f40
	- fabric-rendering-v0 1.1.84+df3654b340
	- fabric-rendering-v1 8.0.8+6922831640
	- fabric-resource-conditions-api-v1 5.0.8+fd37071f40
	- fabric-resource-loader-v0 3.0.6+fd37071f40
	- fabric-screen-api-v1 2.0.34+fd37071f40
	- fabric-screen-handler-api-v1 1.3.103+fd37071f40
	- fabric-sound-api-v1 1.0.29+fd37071f40
	- fabric-tag-api-v1 1.0.0+a730659c40
	- fabric-transfer-api-v1 5.4.3+cb44d14340
	- fabric-transitive-access-wideners-v1 6.2.0+54a41b1c40
	- fabricloader 0.16.8
	- java 21
	- minecraft 1.21.3
	- mixinextras 0.4.1
[17:55:14] [main/INFO] (FabricLoader/Mixin) SpongePowered MIXIN Subsystem Version=0.8.7 Source=file:/C:/Users/joshu/.gradle/caches/modules-2/files-2.1/net.fabricmc/sponge-mixin/0.15.4+mixin.0.8.7/6a12aacc794f1078458433116e9ed42c1cc98096/sponge-mixin-0.15.4+mixin.0.8.7.jar Service=Knot/Fabric Env=CLIENT
[17:55:15] [main/INFO] (FabricLoader/Mixin) Loaded Fabric development mappings for mixin remapper!
[17:55:15] [main/INFO] (FabricLoader/Mixin) Compatibility level set to JAVA_21
[17:55:18] [main/INFO] (FabricLoader/MixinExtras|Service) Initializing MixinExtras via com.llamalad7.mixinextras.service.MixinExtrasServiceImpl(version=0.4.1).
[17:55:20] [Datafixer Bootstrap/INFO] (Minecraft) 237 Datafixer optimizations took 682 milliseconds
[17:55:29] [Render thread/INFO] (Minecraft) Environment: Environment[sessionHost=https://sessionserver.mojang.com, servicesHost=https://api.minecraftservices.com, name=PROD]
[17:55:29] [Render thread/INFO] (Minecraft) Setting user: Player46
[17:55:31] [Render thread/INFO] (Indigo) [Indigo] Registering Indigo renderer!
[17:55:31] [Render thread/INFO] (Minecraft) Backend library: LWJGL version 3.3.3-snapshot
[17:55:33] [Render thread/INFO] (Minecraft) Reloading ResourceManager: vanilla, fabric, brigadierextras, fabric-api, fabric-api-base, fabric-api-lookup-api-v1, fabric-biome-api-v1, fabric-block-api-v1, fabric-block-view-api-v2, fabric-blockrenderlayer-v1, fabric-client-tags-api-v1, fabric-command-api-v1, fabric-command-api-v2, fabric-commands-v0, fabric-content-registries-v0, fabric-convention-tags-v1, fabric-convention-tags-v2, fabric-crash-report-info-v1, fabric-data-attachment-api-v1, fabric-data-generation-api-v1, fabric-dimensions-v1, fabric-entity-events-v1, fabric-events-interaction-v0, fabric-game-rule-api-v1, fabric-gametest-api-v1, fabric-item-api-v1, fabric-item-group-api-v1, fabric-key-binding-api-v1, fabric-keybindings-v0, fabric-lifecycle-events-v1, fabric-loot-api-v2, fabric-loot-api-v3, fabric-message-api-v1, fabric-model-loading-api-v1, fabric-networking-api-v1, fabric-object-builder-api-v1, fabric-particles-v1, fabric-recipe-api-v1, fabric-registry-sync-v0, fabric-renderer-api-v1, fabric-renderer-indigo, fabric-rendering-data-attachment-v1, fabric-rendering-fluids-v1, fabric-rendering-v0, fabric-rendering-v1, fabric-resource-conditions-api-v1, fabric-resource-loader-v0, fabric-screen-api-v1, fabric-screen-handler-api-v1, fabric-sound-api-v1, fabric-tag-api-v1, fabric-transfer-api-v1, fabric-transitive-access-wideners-v1, fabricloader
[17:55:33] [Worker-Main-8/INFO] (Minecraft) Found unifont_jp_patch-15.1.05.hex, loading
[17:55:33] [Worker-Main-11/INFO] (Minecraft) Found unifont_all_no_pua-15.1.05.hex, loading
[17:55:36] [Render thread/WARN] (Minecraft) Missing sound for event: minecraft:block.spawner.fall
[17:55:36] [Render thread/INFO] (Minecraft) OpenAL initialized on device OpenAL Soft on Headphones (Realtek(R) Audio)
[17:55:36] [Render thread/INFO] (Minecraft) Sound engine started
[17:55:36] [Render thread/INFO] (Minecraft) Created: 1024x512x4 minecraft:textures/atlas/blocks.png-atlas
[17:55:38] [Render thread/INFO] (Minecraft) Created: 256x256x4 minecraft:textures/atlas/signs.png-atlas
[17:55:38] [Render thread/INFO] (Minecraft) Created: 512x512x4 minecraft:textures/atlas/banner_patterns.png-atlas
[17:55:38] [Render thread/INFO] (Minecraft) Created: 512x512x4 minecraft:textures/atlas/shield_patterns.png-atlas
[17:55:38] [Render thread/INFO] (Minecraft) Created: 1024x1024x4 minecraft:textures/atlas/armor_trims.png-atlas
[17:55:40] [Render thread/INFO] (Minecraft) Created: 256x256x4 minecraft:textures/atlas/chest.png-atlas
[17:55:40] [Render thread/INFO] (Minecraft) Created: 128x64x4 minecraft:textures/atlas/decorated_pot.png-atlas
[17:55:40] [Render thread/INFO] (Minecraft) Created: 512x256x4 minecraft:textures/atlas/beds.png-atlas
[17:55:40] [Render thread/INFO] (Minecraft) Created: 512x256x4 minecraft:textures/atlas/shulker_boxes.png-atlas
[17:55:40] [Render thread/INFO] (Minecraft) Created: 64x64x0 minecraft:textures/atlas/map_decorations.png-atlas
[17:55:40] [Render thread/INFO] (Minecraft) Created: 512x256x0 minecraft:textures/atlas/particles.png-atlas
[17:55:40] [Render thread/INFO] (Minecraft) Created: 512x256x0 minecraft:textures/atlas/paintings.png-atlas
[17:55:40] [Render thread/INFO] (Minecraft) Created: 256x128x0 minecraft:textures/atlas/mob_effects.png-atlas
[17:55:40] [Render thread/INFO] (Minecraft) Created: 1024x512x0 minecraft:textures/atlas/gui.png-atlas
[17:55:55] [Render thread/INFO] (Minecraft) Loaded 1337 recipes
[17:55:55] [Render thread/INFO] (Minecraft) Loaded 1448 advancements
[17:55:55] [Render thread/INFO] (BiomeModificationImpl) Applied 0 biome modifications to 0 of 64 new biomes in 1.275 ms
[17:55:55] [Server thread/INFO] (Minecraft) Starting integrated minecraft server version 1.21.3
[17:55:55] [Server thread/INFO] (Minecraft) Generating keypair
[17:55:56] [Server thread/INFO] (Minecraft) Preparing start region for dimension minecraft:overworld
[17:55:57] [Render thread/INFO] (Minecraft) Preparing spawn area: 0%
[17:55:57] [Render thread/INFO] (Minecraft) Preparing spawn area: 0%
[17:55:57] [Render thread/INFO] (Minecraft) Preparing spawn area: 0%
[17:55:57] [Render thread/INFO] (Minecraft) Preparing spawn area: 0%
[17:55:58] [Render thread/INFO] (Minecraft) Time elapsed: 1872 ms
[17:55:58] [Server thread/INFO] (Minecraft) Changing view distance to 12, from 10
[17:55:58] [Server thread/INFO] (Minecraft) Changing simulation distance to 12, from 0
[17:55:59] [Server thread/INFO] (Minecraft) Player46[local:E:4dd6a898] logged in with entity id 74 at (-25.629982964953914, 79.0010598645085, 37.82675735710322)
[17:55:59] [Server thread/INFO] (Minecraft) Player46 joined the game
[17:56:00] [Render thread/INFO] (Minecraft) Loaded 2 advancements
[17:57:59] [Render thread/INFO] (Minecraft) Loaded 38 advancements
[18:01:51] [Server thread/INFO] (Minecraft) Saving and pausing game...
[18:01:51] [Server thread/INFO] (Minecraft) Saving chunks for level 'ServerLevel[New World]'/minecraft:overworld
[18:01:51] [Server thread/INFO] (Minecraft) Saving chunks for level 'ServerLevel[New World]'/minecraft:the_nether
[18:01:51] [Server thread/INFO] (Minecraft) Saving chunks for level 'ServerLevel[New World]'/minecraft:the_end
[18:02:52] [Server thread/INFO] (Minecraft) Saving and pausing game...
[18:02:52] [Server thread/INFO] (Minecraft) Saving chunks for level 'ServerLevel[New World]'/minecraft:overworld
[18:02:52] [Server thread/INFO] (Minecraft) Saving chunks for level 'ServerLevel[New World]'/minecraft:the_nether
[18:02:52] [Server thread/INFO] (Minecraft) Saving chunks for level 'ServerLevel[New World]'/minecraft:the_end
[18:06:22] [Server thread/INFO] (Minecraft) Locating element #minecraft:village (minecraft:village_taiga) took 1574 ms
[18:06:22] [Render thread/INFO] (Minecraft) [System] [CHAT] The nearest #minecraft:village (minecraft:village_taiga) is at [-192, ~, 672] (601 blocks away)
[18:06:24] [Server thread/INFO] (Minecraft) [Player46: Teleported Player46 to -191.500000, 75.000000, 672.500000]
[18:06:24] [Render thread/INFO] (Minecraft) [System] [CHAT] Teleported Player46 to -191.500000, 75.000000, 672.500000
[18:06:27] [Server thread/WARN] (Minecraft) Can't keep up! Is the server overloaded? Running 2770ms or 55 ticks behind
[18:06:27] [Render thread/INFO] (Minecraft) Loaded 38 advancements
[18:06:30] [Server thread/INFO] (Minecraft) [Player46: Set own game mode to Spectator Mode]
[18:06:30] [Render thread/INFO] (Minecraft) [System] [CHAT] Set own game mode to Spectator Mode
[18:06:34] [Server thread/INFO] (Minecraft) [Player46: Set own game mode to Creative Mode]
[18:06:34] [Render thread/INFO] (Minecraft) [System] [CHAT] Set own game mode to Creative Mode
[18:07:02] [Server thread/INFO] (Minecraft) Villager Villager['Villager'/6361, l='ServerLevel[New World]', x=-191.30, y=92.00, z=673.30] died, message: 'Villager was slain by Zombie'
[18:07:03] [Render thread/INFO] (Minecraft) Villager Villager['Villager'/6361, l='ClientLevel', x=-191.30, y=92.84, z=673.30] died, message: 'Villager died'
[18:12:18] [Render thread/INFO] (Minecraft) Loaded 41 advancements
[18:12:19] [Render thread/INFO] (Minecraft) Loaded 50 advancements
[18:16:29] [Render thread/INFO] (Minecraft) Loaded 50 advancements
[18:21:27] [Server thread/INFO] (Minecraft) Villager Villager['Villager'/6360, l='ServerLevel[New World]', x=-189.75, y=88.00, z=663.16] died, message: 'Villager was slain by Zombie'
[18:21:27] [Render thread/INFO] (Minecraft) Villager Villager['Villager'/6360, l='ClientLevel', x=-189.79, y=88.00, z=663.21] died, message: 'Villager died'
[18:21:34] [Server thread/INFO] (Minecraft) Saving and pausing game...
[18:21:34] [Server thread/INFO] (Minecraft) Saving chunks for level 'ServerLevel[New World]'/minecraft:overworld
[18:21:35] [Server thread/INFO] (Minecraft) Saving chunks for level 'ServerLevel[New World]'/minecraft:the_nether
[18:21:35] [Server thread/INFO] (Minecraft) Saving chunks for level 'ServerLevel[New World]'/minecraft:the_end
[18:21:35] [Server thread/INFO] (Minecraft) Player46 lost connection: Disconnected
[18:21:35] [Server thread/INFO] (Minecraft) Player46 left the game
[18:21:36] [Server thread/INFO] (Minecraft) Stopping singleplayer server as player logged out
[18:21:36] [Server thread/INFO] (Minecraft) Stopping server
[18:21:36] [Server thread/INFO] (Minecraft) Saving players
[18:21:36] [Server thread/INFO] (Minecraft) Saving worlds
[18:21:37] [Server thread/INFO] (Minecraft) Saving chunks for level 'ServerLevel[New World]'/minecraft:overworld
[18:21:46] [Server thread/INFO] (Minecraft) Saving chunks for level 'ServerLevel[New World]'/minecraft:the_nether
[18:21:46] [Server thread/INFO] (Minecraft) Saving chunks for level 'ServerLevel[New World]'/minecraft:the_end
[18:21:46] [Server thread/INFO] (Minecraft) ThreadedAnvilChunkStorage (New World): All chunks are saved
[18:21:46] [Server thread/INFO] (Minecraft) ThreadedAnvilChunkStorage (DIM-1): All chunks are saved
[18:21:46] [Server thread/INFO] (Minecraft) ThreadedAnvilChunkStorage (DIM1): All chunks are saved
[18:21:46] [Server thread/INFO] (Minecraft) ThreadedAnvilChunkStorage: All dimensions are saved
[18:21:49] [Render thread/INFO] (Minecraft) Stopping!
